<?xml version="1.0" encoding="UTF-8"?>
<!-- Generated by org.testng.reporters.JUnitReportReporter -->
<testsuite hostname="MR-ROBOT" failures="0" tests="1" name="YTAutomate.YoutubeVideoSearchAndPlayTest" time="67.912" errors="0" timestamp="2023-10-31T02:41:26 IST" skipped="0">
  <testcase classname="YTAutomate.YoutubeVideoSearchAndPlayTest" name="playVideo" time="67.912"/>
</testsuite> <!-- YTAutomate.YoutubeVideoSearchAndPlayTest -->
